#0 building with "upgrader-builder" instance using docker-container driver

#1 [internal] load build definition from Dockerfile
#1 transferring dockerfile: 3.26kB done
#1 DONE 0.0s

#2 [auth] docker/dockerfile:pull token for registry-1.docker.io
#2 DONE 0.0s

#3 resolve image config for docker-image://docker.io/docker/dockerfile:1
#3 DONE 0.6s

#4 docker-image://docker.io/docker/dockerfile:1@sha256:4a43a54dd1fedceb30ba47e76cfcf2b47304f4161c0caeac2db1c61804ea3c91
#4 resolve docker.io/docker/dockerfile:1@sha256:4a43a54dd1fedceb30ba47e76cfcf2b47304f4161c0caeac2db1c61804ea3c91 0.0s done
#4 CACHED

#5 [internal] load metadata for docker.io/library/php:8.1-cli-alpine
#5 ...

#6 [auth] library/php:pull token for registry-1.docker.io
#6 DONE 0.0s

#7 [auth] library/composer:pull token for registry-1.docker.io
#7 DONE 0.0s

#8 [internal] load metadata for docker.io/library/composer:2
#8 DONE 0.3s

#5 [internal] load metadata for docker.io/library/php:8.1-cli-alpine
#5 DONE 0.3s

#9 [internal] load .dockerignore
#9 transferring context: 2B done
#9 DONE 0.0s

#10 FROM docker.io/library/composer:2@sha256:743aebe48ca67097c36819040633ea77e44a561eca135e4fc84c002e63a1ba07
#10 resolve docker.io/library/composer:2@sha256:743aebe48ca67097c36819040633ea77e44a561eca135e4fc84c002e63a1ba07 0.1s done
#10 DONE 0.1s

#11 [base 1/3] FROM docker.io/library/php:8.1-cli-alpine@sha256:7949370448b0b4d9787776dc5968e0fd8d48763292344b5fbf21539441228a98
#11 resolve docker.io/library/php:8.1-cli-alpine@sha256:7949370448b0b4d9787776dc5968e0fd8d48763292344b5fbf21539441228a98 0.1s done
#11 DONE 0.1s

#12 [internal] load build context
#12 transferring context: 105.44kB 0.0s done
#12 DONE 0.0s

#13 [base 3/3] COPY --from=composer:2 /usr/bin/composer /usr/bin/composer
#13 CACHED

#14 [base 2/3] RUN apk add --no-cache     bash     git     unzip     && rm -rf /var/cache/apk/*
#14 CACHED

#15 [deps 1/4] WORKDIR /upgrader
#15 CACHED

#16 [deps 2/4] COPY docker/hop-8-to-9/composer.hop-8-to-9.json ./composer.json
#16 DONE 0.1s

#17 [deps 3/4] COPY docker/hop-8-to-9/composer.hop-8-to-9.lock ./composer.lock
#17 DONE 0.1s

#18 [deps 4/4] RUN composer install     --no-dev     --no-scripts     --no-interaction     --optimize-autoloader     --prefer-dist
#18 0.243 Installing dependencies from lock file
#18 0.244 Verifying lock file contents can be installed on current platform.
#18 0.251 Package operations: 6 installs, 0 updates, 0 removals
#18 0.253   - Downloading phpstan/phpstan (1.12.33)
#18 0.254   - Downloading rector/rector (1.2.10)
#18 0.254   - Downloading driftingly/rector-laravel (1.2.6)
#18 0.255   - Downloading nikic/php-parser (v4.19.5)
#18 0.255   - Downloading symfony/process (v6.4.33)
#18 0.255   - Downloading webmozart/assert (1.12.1)
#18 0.260  0/6 [>---------------------------]   0%
#18 0.464  1/6 [====>-----------------------]  16%
#18 0.564  3/6 [==============>-------------]  50%
#18 1.065  5/6 [=======================>----]  83%
#18 1.085  6/6 [============================] 100%
#18 1.085   - Installing phpstan/phpstan (1.12.33): Extracting archive
#18 1.087   - Installing rector/rector (1.2.10): Extracting archive
#18 1.088   - Installing driftingly/rector-laravel (1.2.6): Extracting archive
#18 1.089   - Installing nikic/php-parser (v4.19.5): Extracting archive
#18 1.090   - Installing symfony/process (v6.4.33): Extracting archive
#18 1.091   - Installing webmozart/assert (1.12.1): Extracting archive
#18 1.093  0/6 [>---------------------------]   0%
#18 1.193  5/6 [=======================>----]  83%
#18 1.319  6/6 [============================] 100%
#18 1.559 Generating optimized autoload files
#18 1.628 3 packages you are using are looking for funding.
#18 1.628 Use the `composer fund` command to find out more!
#18 DONE 1.9s

#19 [laravel-cache 1/3] WORKDIR /tmp/warmup
#19 DONE 0.2s

#20 [laravel-cache 2/3] COPY docker/hop-8-to-9/composer.l9-warmup.json ./composer.json
#20 DONE 0.1s

#21 [laravel-cache 3/3] RUN COMPOSER_CACHE_DIR=/laravel-composer-cache     composer install         --no-scripts         --no-interaction         --no-progress         --prefer-dist         --quiet
#21 ...

#22 [runtime  1/14] RUN adduser -D -u 1000 upgrader
#22 CACHED

#23 [runtime  2/14] WORKDIR /upgrader
#23 CACHED

#24 [runtime  3/14] COPY --from=deps /upgrader/vendor /upgrader/vendor
#24 DONE 0.6s

#21 [laravel-cache 3/3] RUN COMPOSER_CACHE_DIR=/laravel-composer-cache     composer install         --no-scripts         --no-interaction         --no-progress         --prefer-dist         --quiet
#21 ...

#25 [runtime  4/14] COPY src-container/ /upgrader/src/
#25 DONE 0.1s

#26 [runtime  5/14] COPY rector-configs/rector.l8-to-l9.php /upgrader/rector.php
#26 DONE 0.1s

#21 [laravel-cache 3/3] RUN COMPOSER_CACHE_DIR=/laravel-composer-cache     composer install         --no-scripts         --no-interaction         --no-progress         --prefer-dist         --quiet
#21 ...

#27 [runtime  6/14] COPY rector-configs/workspace-skip-paths.php /upgrader/workspace-skip-paths.php
#27 DONE 0.1s

#28 [runtime  7/14] COPY docker/hop-8-to-9/docs/ /upgrader/docs/
#28 DONE 0.1s

#21 [laravel-cache 3/3] RUN COMPOSER_CACHE_DIR=/laravel-composer-cache     composer install         --no-scripts         --no-interaction         --no-progress         --prefer-dist         --quiet
#21 ...

#29 [runtime  8/14] COPY assets/diff2html.min.css /upgrader/assets/diff2html.min.css
#29 DONE 0.1s

#30 [runtime  9/14] COPY assets/diff2html.min.js  /upgrader/assets/diff2html.min.js
#30 DONE 0.1s

#21 [laravel-cache 3/3] RUN COMPOSER_CACHE_DIR=/laravel-composer-cache     composer install         --no-scripts         --no-interaction         --no-progress         --prefer-dist         --quiet
#21 ...

#31 [runtime 10/14] COPY vendor-patches/rector-laravel-fork/ /upgrader/vendor-patches/rector-laravel-fork/
#31 DONE 0.1s

#32 [runtime 11/14] COPY docker/hop-8-to-9/entrypoint.sh /upgrader/entrypoint.sh
#32 DONE 0.1s

#21 [laravel-cache 3/3] RUN COMPOSER_CACHE_DIR=/laravel-composer-cache     composer install         --no-scripts         --no-interaction         --no-progress         --prefer-dist         --quiet
#21 ...

#33 [runtime 12/14] RUN chmod +x /upgrader/entrypoint.sh
#33 DONE 0.1s

#21 [laravel-cache 3/3] RUN COMPOSER_CACHE_DIR=/laravel-composer-cache     composer install         --no-scripts         --no-interaction         --no-progress         --prefer-dist         --quiet
#21 3.838 Your requirements could not be resolved to an installable set of packages.
#21 ERROR: process "/bin/sh -c COMPOSER_CACHE_DIR=/laravel-composer-cache     composer install         --no-scripts         --no-interaction         --no-progress         --prefer-dist         --quiet" did not complete successfully: exit code: 2
------
 > [laravel-cache 3/3] RUN COMPOSER_CACHE_DIR=/laravel-composer-cache     composer install         --no-scripts         --no-interaction         --no-progress         --prefer-dist         --quiet:
3.838 Your requirements could not be resolved to an installable set of packages.
------
Dockerfile:43
--------------------
  42 |     COPY docker/hop-8-to-9/composer.l9-warmup.json ./composer.json
  43 | >>> RUN COMPOSER_CACHE_DIR=/laravel-composer-cache \
  44 | >>>     composer install \
  45 | >>>         --no-scripts \
  46 | >>>         --no-interaction \
  47 | >>>         --no-progress \
  48 | >>>         --prefer-dist \
  49 | >>>         --quiet
  50 |     
--------------------
ERROR: failed to build: failed to solve: process "/bin/sh -c COMPOSER_CACHE_DIR=/laravel-composer-cache     composer install         --no-scripts         --no-interaction         --no-progress         --prefer-dist         --quiet" did not complete successfully: exit code: 2

View build details: docker-desktop://dashboard/build/upgrader-builder/upgrader-builder0/pnhlwqo9tmo88oyzlzt9bw8jv
