#0 building with "upgrader-builder" instance using docker-container driver

#1 [internal] load build definition from Dockerfile
#1 transferring dockerfile: 3.20kB done
#1 DONE 0.0s

#2 resolve image config for docker-image://docker.io/docker/dockerfile:1
#2 DONE 0.1s

#3 docker-image://docker.io/docker/dockerfile:1@sha256:4a43a54dd1fedceb30ba47e76cfcf2b47304f4161c0caeac2db1c61804ea3c91
#3 resolve docker.io/docker/dockerfile:1@sha256:4a43a54dd1fedceb30ba47e76cfcf2b47304f4161c0caeac2db1c61804ea3c91 0.0s done
#3 CACHED

#4 [internal] load metadata for docker.io/library/php:8.1-cli-alpine
#4 ...

#5 [internal] load metadata for docker.io/library/composer:2
#5 DONE 0.1s

#4 [internal] load metadata for docker.io/library/php:8.1-cli-alpine
#4 DONE 0.1s

#6 [internal] load .dockerignore
#6 transferring context: 2B done
#6 DONE 0.0s

#7 [internal] load build context
#7 DONE 0.0s

#8 FROM docker.io/library/composer:2@sha256:743aebe48ca67097c36819040633ea77e44a561eca135e4fc84c002e63a1ba07
#8 resolve docker.io/library/composer:2@sha256:743aebe48ca67097c36819040633ea77e44a561eca135e4fc84c002e63a1ba07 0.1s done
#8 DONE 0.1s

#9 [base 1/3] FROM docker.io/library/php:8.1-cli-alpine@sha256:7949370448b0b4d9787776dc5968e0fd8d48763292344b5fbf21539441228a98
#9 resolve docker.io/library/php:8.1-cli-alpine@sha256:7949370448b0b4d9787776dc5968e0fd8d48763292344b5fbf21539441228a98 0.1s done
#9 DONE 0.1s

#7 [internal] load build context
#7 transferring context: 40.91kB 0.0s done
#7 DONE 0.0s

#10 [base 2/3] RUN apk add --no-cache     bash     git     unzip     && rm -rf /var/cache/apk/*
#10 CACHED

#11 [base 3/3] COPY --from=composer:2 /usr/bin/composer /usr/bin/composer
#11 CACHED

#12 [deps 1/3] WORKDIR /upgrader
#12 CACHED

#13 [deps 2/3] COPY docker/hop-9-to-10/composer.hop-9-to-10.json ./composer.json
#13 DONE 0.1s

#14 [deps 3/3] RUN composer install     --no-dev     --no-scripts     --no-interaction     --optimize-autoloader     --prefer-dist
#14 0.233 No composer.lock file present. Updating dependencies to latest instead of installing from lock file. See https://getcomposer.org/install for more information.
#14 0.233 Loading composer repositories with package information
#14 0.482 Updating dependencies
#14 0.484 Lock file operations: 6 installs, 0 updates, 0 removals
#14 0.484   - Locking driftingly/rector-laravel (1.2.6)
#14 0.484   - Locking nikic/php-parser (v4.19.5)
#14 0.484   - Locking phpstan/phpstan (1.12.33)
#14 0.484   - Locking rector/rector (1.2.10)
#14 0.484   - Locking symfony/process (v6.4.33)
#14 0.484   - Locking webmozart/assert (1.12.1)
#14 0.485 Writing lock file
#14 0.485 Installing dependencies from lock file
#14 0.486 Package operations: 6 installs, 0 updates, 0 removals
#14 0.489   - Downloading phpstan/phpstan (1.12.33)
#14 0.489   - Downloading rector/rector (1.2.10)
#14 0.490   - Downloading driftingly/rector-laravel (1.2.6)
#14 0.490   - Downloading nikic/php-parser (v4.19.5)
#14 0.491   - Downloading symfony/process (v6.4.33)
#14 0.491   - Downloading webmozart/assert (1.12.1)
#14 0.495  0/6 [>---------------------------]   0%
#14 0.721  3/6 [==============>-------------]  50%
#14 0.821  4/6 [==================>---------]  66%
#14 0.921  5/6 [=======================>----]  83%
#14 1.024  6/6 [============================] 100%
#14 1.025   - Installing phpstan/phpstan (1.12.33): Extracting archive
#14 1.027   - Installing rector/rector (1.2.10): Extracting archive
#14 1.028   - Installing driftingly/rector-laravel (1.2.6): Extracting archive
#14 1.029   - Installing nikic/php-parser (v4.19.5): Extracting archive
#14 1.030   - Installing symfony/process (v6.4.33): Extracting archive
#14 1.032   - Installing webmozart/assert (1.12.1): Extracting archive
#14 1.034  0/6 [>---------------------------]   0%
#14 1.134  5/6 [=======================>----]  83%
#14 1.260  6/6 [============================] 100%
#14 1.491 1 package suggestions were added by new dependencies, use `composer suggest` to see details.
#14 1.491 Generating optimized autoload files
#14 1.557 3 packages you are using are looking for funding.
#14 1.557 Use the `composer fund` command to find out more!
#14 DONE 1.8s

#15 [laravel-cache 1/3] WORKDIR /tmp/warmup
#15 DONE 0.2s

#16 [laravel-cache 2/3] COPY docker/hop-9-to-10/composer.l10-warmup.json ./composer.json
#16 DONE 0.1s

#17 [runtime  1/14] RUN adduser -D -u 1000 upgrader
#17 CACHED

#18 [runtime  2/14] WORKDIR /upgrader
#18 CACHED

#19 [runtime  3/14] COPY --from=deps /upgrader/vendor /upgrader/vendor
#19 DONE 0.5s

#20 [laravel-cache 3/3] RUN COMPOSER_CACHE_DIR=/laravel-composer-cache     composer install         --no-scripts         --no-interaction         --no-progress         --prefer-dist         --quiet
#20 ...

#21 [runtime  4/14] COPY src-container/ /upgrader/src/
#21 DONE 0.1s

#22 [runtime  5/14] COPY rector-configs/rector.l9-to-l10.php /upgrader/rector.php
#22 DONE 0.1s

#20 [laravel-cache 3/3] RUN COMPOSER_CACHE_DIR=/laravel-composer-cache     composer install         --no-scripts         --no-interaction         --no-progress         --prefer-dist         --quiet
#20 ...

#23 [runtime  6/14] COPY rector-configs/workspace-skip-paths.php /upgrader/workspace-skip-paths.php
#23 DONE 0.1s

#24 [runtime  7/14] COPY docker/hop-9-to-10/docs/ /upgrader/docs/
#24 DONE 0.1s

#20 [laravel-cache 3/3] RUN COMPOSER_CACHE_DIR=/laravel-composer-cache     composer install         --no-scripts         --no-interaction         --no-progress         --prefer-dist         --quiet
#20 ...

#25 [runtime  8/14] COPY assets/diff2html.min.css /upgrader/assets/diff2html.min.css
#25 DONE 0.1s

#26 [runtime  9/14] COPY assets/diff2html.min.js  /upgrader/assets/diff2html.min.js
#26 DONE 0.1s

#20 [laravel-cache 3/3] RUN COMPOSER_CACHE_DIR=/laravel-composer-cache     composer install         --no-scripts         --no-interaction         --no-progress         --prefer-dist         --quiet
#20 ...

#27 [runtime 10/14] COPY vendor-patches/rector-laravel-fork/ /upgrader/vendor-patches/rector-laravel-fork/
#27 DONE 0.1s

#28 [runtime 11/14] COPY docker/hop-9-to-10/entrypoint.sh /upgrader/entrypoint.sh
#28 DONE 0.1s

#20 [laravel-cache 3/3] RUN COMPOSER_CACHE_DIR=/laravel-composer-cache     composer install         --no-scripts         --no-interaction         --no-progress         --prefer-dist         --quiet
#20 ...

#29 [runtime 12/14] RUN chmod +x /upgrader/entrypoint.sh
#29 DONE 0.2s

#20 [laravel-cache 3/3] RUN COMPOSER_CACHE_DIR=/laravel-composer-cache     composer install         --no-scripts         --no-interaction         --no-progress         --prefer-dist         --quiet
#20 4.162 Your requirements could not be resolved to an installable set of packages.
#20 ERROR: process "/bin/sh -c COMPOSER_CACHE_DIR=/laravel-composer-cache     composer install         --no-scripts         --no-interaction         --no-progress         --prefer-dist         --quiet" did not complete successfully: exit code: 2
------
 > [laravel-cache 3/3] RUN COMPOSER_CACHE_DIR=/laravel-composer-cache     composer install         --no-scripts         --no-interaction         --no-progress         --prefer-dist         --quiet:
4.162 Your requirements could not be resolved to an installable set of packages.
------
Dockerfile:42
--------------------
  41 |     COPY docker/hop-9-to-10/composer.l10-warmup.json ./composer.json
  42 | >>> RUN COMPOSER_CACHE_DIR=/laravel-composer-cache \
  43 | >>>     composer install \
  44 | >>>         --no-scripts \
  45 | >>>         --no-interaction \
  46 | >>>         --no-progress \
  47 | >>>         --prefer-dist \
  48 | >>>         --quiet
  49 |     
--------------------
ERROR: failed to build: failed to solve: process "/bin/sh -c COMPOSER_CACHE_DIR=/laravel-composer-cache     composer install         --no-scripts         --no-interaction         --no-progress         --prefer-dist         --quiet" did not complete successfully: exit code: 2

View build details: docker-desktop://dashboard/build/upgrader-builder/upgrader-builder0/3r89fczpvdefa62zovwbnhdd9
