#0 building with "upgrader-builder" instance using docker-container driver

#1 [internal] load build definition from Dockerfile
#1 transferring dockerfile: 3.20kB done
#1 DONE 0.0s

#2 resolve image config for docker-image://docker.io/docker/dockerfile:1
#2 DONE 0.1s

#3 docker-image://docker.io/docker/dockerfile:1@sha256:4a43a54dd1fedceb30ba47e76cfcf2b47304f4161c0caeac2db1c61804ea3c91
#3 resolve docker.io/docker/dockerfile:1@sha256:4a43a54dd1fedceb30ba47e76cfcf2b47304f4161c0caeac2db1c61804ea3c91 0.0s done
#3 CACHED

#4 [internal] load metadata for docker.io/library/php:8.2-cli-alpine
#4 ...

#5 [internal] load metadata for docker.io/library/composer:2
#5 DONE 0.1s

#4 [internal] load metadata for docker.io/library/php:8.2-cli-alpine
#4 DONE 0.2s

#6 [internal] load .dockerignore
#6 transferring context: 2B done
#6 DONE 0.0s

#7 FROM docker.io/library/composer:2@sha256:743aebe48ca67097c36819040633ea77e44a561eca135e4fc84c002e63a1ba07
#7 resolve docker.io/library/composer:2@sha256:743aebe48ca67097c36819040633ea77e44a561eca135e4fc84c002e63a1ba07 0.1s done
#7 DONE 0.1s

#8 [base 1/3] FROM docker.io/library/php:8.2-cli-alpine@sha256:33c6abc3b39af5d89c157a4f046aa9f490d746e5c7f4e23831bda7baeb8a4ba7
#8 resolve docker.io/library/php:8.2-cli-alpine@sha256:33c6abc3b39af5d89c157a4f046aa9f490d746e5c7f4e23831bda7baeb8a4ba7 0.1s done
#8 DONE 0.1s

#9 [internal] load build context
#9 transferring context: 33.78kB 0.0s done
#9 DONE 0.0s

#10 [base 2/3] RUN apk add --no-cache     bash     git     unzip     && rm -rf /var/cache/apk/*
#10 CACHED

#11 [base 3/3] COPY --from=composer:2 /usr/bin/composer /usr/bin/composer
#11 CACHED

#12 [deps 1/3] WORKDIR /upgrader
#12 CACHED

#13 [deps 2/3] COPY docker/hop-11-to-12/composer.hop-11-to-12.json ./composer.json
#13 DONE 0.1s

#14 [deps 3/3] RUN composer install     --no-dev     --no-scripts     --no-interaction     --optimize-autoloader     --prefer-dist
#14 0.169 No composer.lock file present. Updating dependencies to latest instead of installing from lock file. See https://getcomposer.org/install for more information.
#14 0.169 Loading composer repositories with package information
#14 0.426 Updating dependencies
#14 0.429 Lock file operations: 5 installs, 0 updates, 0 removals
#14 0.429   - Locking driftingly/rector-laravel (2.2.0)
#14 0.429   - Locking phpstan/phpstan (2.1.43)
#14 0.429   - Locking rector/rector (2.3.9)
#14 0.429   - Locking symfony/process (v7.4.5)
#14 0.429   - Locking webmozart/assert (1.12.1)
#14 0.430 Writing lock file
#14 0.430 Installing dependencies from lock file
#14 0.431 Package operations: 5 installs, 0 updates, 0 removals
#14 0.433   - Downloading webmozart/assert (1.12.1)
#14 0.433   - Downloading phpstan/phpstan (2.1.43)
#14 0.434   - Downloading rector/rector (2.3.9)
#14 0.434   - Downloading driftingly/rector-laravel (2.2.0)
#14 0.434   - Downloading symfony/process (v7.4.5)
#14 0.438  0/5 [>---------------------------]   0%
#14 0.792  2/5 [===========>----------------]  40%
#14 0.892  3/5 [================>-----------]  60%
#14 1.128  5/5 [============================] 100%
#14 1.128   - Installing webmozart/assert (1.12.1): Extracting archive
#14 1.132   - Installing phpstan/phpstan (2.1.43): Extracting archive
#14 1.134   - Installing rector/rector (2.3.9): Extracting archive
#14 1.136   - Installing driftingly/rector-laravel (2.2.0): Extracting archive
#14 1.138   - Installing symfony/process (v7.4.5): Extracting archive
#14 1.141  0/5 [>---------------------------]   0%
#14 1.241  3/5 [================>-----------]  60%
#14 1.341  4/5 [======================>-----]  80%
#14 1.442  5/5 [============================] 100%
#14 1.717 1 package suggestions were added by new dependencies, use `composer suggest` to see details.
#14 1.717 Generating optimized autoload files
#14 1.758 3 packages you are using are looking for funding.
#14 1.758 Use the `composer fund` command to find out more!
#14 DONE 2.0s

#15 [laravel-cache 1/3] WORKDIR /tmp/warmup
#15 ...

#16 [runtime  1/14] RUN adduser -D -u 1000 upgrader
#16 CACHED

#15 [laravel-cache 1/3] WORKDIR /tmp/warmup
#15 DONE 0.6s

#17 [runtime  2/14] WORKDIR /upgrader
#17 CACHED

#18 [laravel-cache 2/3] COPY docker/hop-11-to-12/composer.l12-warmup.json ./composer.json
#18 ...

#19 [runtime  3/14] COPY --from=deps /upgrader/vendor /upgrader/vendor
#19 DONE 2.3s

#20 [runtime  4/14] COPY src-container/ /upgrader/src/
#20 ...

#18 [laravel-cache 2/3] COPY docker/hop-11-to-12/composer.l12-warmup.json ./composer.json
#18 DONE 2.4s

#21 [laravel-cache 3/3] RUN COMPOSER_CACHE_DIR=/laravel-composer-cache     composer install         --no-scripts         --no-interaction         --no-progress         --prefer-dist         --quiet
#21 ...

#20 [runtime  4/14] COPY src-container/ /upgrader/src/
#20 DONE 1.0s

#22 [runtime  5/14] COPY rector-configs/rector.l11-to-l12.php /upgrader/rector.php
#22 DONE 0.5s

#21 [laravel-cache 3/3] RUN COMPOSER_CACHE_DIR=/laravel-composer-cache     composer install         --no-scripts         --no-interaction         --no-progress         --prefer-dist         --quiet
#21 ...

#23 [runtime  6/14] COPY rector-configs/workspace-skip-paths.php /upgrader/workspace-skip-paths.php
#23 DONE 1.1s

#24 [runtime  7/14] COPY docker/hop-11-to-12/docs/ /upgrader/docs/
#24 DONE 0.2s

#21 [laravel-cache 3/3] RUN COMPOSER_CACHE_DIR=/laravel-composer-cache     composer install         --no-scripts         --no-interaction         --no-progress         --prefer-dist         --quiet
#21 ...

#25 [runtime  8/14] COPY assets/diff2html.min.css /upgrader/assets/diff2html.min.css
#25 DONE 0.1s

#26 [runtime  9/14] COPY assets/diff2html.min.js  /upgrader/assets/diff2html.min.js
#26 DONE 0.1s

#21 [laravel-cache 3/3] RUN COMPOSER_CACHE_DIR=/laravel-composer-cache     composer install         --no-scripts         --no-interaction         --no-progress         --prefer-dist         --quiet
#21 ...

#27 [runtime 10/14] COPY vendor-patches/rector-laravel-fork/ /upgrader/vendor-patches/rector-laravel-fork/
#27 DONE 0.1s

#28 [runtime 11/14] COPY docker/hop-11-to-12/entrypoint.sh /upgrader/entrypoint.sh
#28 DONE 0.1s

#21 [laravel-cache 3/3] RUN COMPOSER_CACHE_DIR=/laravel-composer-cache     composer install         --no-scripts         --no-interaction         --no-progress         --prefer-dist         --quiet
#21 ...

#29 [runtime 12/14] RUN chmod +x /upgrader/entrypoint.sh
#29 DONE 0.2s

#21 [laravel-cache 3/3] RUN COMPOSER_CACHE_DIR=/laravel-composer-cache     composer install         --no-scripts         --no-interaction         --no-progress         --prefer-dist         --quiet
#21 4.714 Your requirements could not be resolved to an installable set of packages.
#21 ERROR: process "/bin/sh -c COMPOSER_CACHE_DIR=/laravel-composer-cache     composer install         --no-scripts         --no-interaction         --no-progress         --prefer-dist         --quiet" did not complete successfully: exit code: 2
------
 > [laravel-cache 3/3] RUN COMPOSER_CACHE_DIR=/laravel-composer-cache     composer install         --no-scripts         --no-interaction         --no-progress         --prefer-dist         --quiet:
4.714 Your requirements could not be resolved to an installable set of packages.
------
Dockerfile:42
--------------------
  41 |     COPY docker/hop-11-to-12/composer.l12-warmup.json ./composer.json
  42 | >>> RUN COMPOSER_CACHE_DIR=/laravel-composer-cache \
  43 | >>>     composer install \
  44 | >>>         --no-scripts \
  45 | >>>         --no-interaction \
  46 | >>>         --no-progress \
  47 | >>>         --prefer-dist \
  48 | >>>         --quiet
  49 |     
--------------------
ERROR: failed to build: failed to solve: process "/bin/sh -c COMPOSER_CACHE_DIR=/laravel-composer-cache     composer install         --no-scripts         --no-interaction         --no-progress         --prefer-dist         --quiet" did not complete successfully: exit code: 2

View build details: docker-desktop://dashboard/build/upgrader-builder/upgrader-builder0/bbkygsirtlixu5725a85bq8lv
