#0 building with "upgrader-builder" instance using docker-container driver

#1 [internal] load build definition from Dockerfile
#1 transferring dockerfile: 3.23kB done
#1 DONE 0.0s

#2 resolve image config for docker-image://docker.io/docker/dockerfile:1
#2 DONE 0.1s

#3 docker-image://docker.io/docker/dockerfile:1@sha256:4a43a54dd1fedceb30ba47e76cfcf2b47304f4161c0caeac2db1c61804ea3c91
#3 resolve docker.io/docker/dockerfile:1@sha256:4a43a54dd1fedceb30ba47e76cfcf2b47304f4161c0caeac2db1c61804ea3c91 0.0s done
#3 CACHED

#4 [internal] load metadata for docker.io/library/php:8.3-cli-alpine
#4 ...

#5 [internal] load metadata for docker.io/library/composer:2
#5 DONE 0.1s

#4 [internal] load metadata for docker.io/library/php:8.3-cli-alpine
#4 DONE 0.1s

#6 [internal] load .dockerignore
#6 transferring context: 2B done
#6 DONE 0.0s

#7 [internal] load build context
#7 DONE 0.0s

#8 FROM docker.io/library/composer:2@sha256:743aebe48ca67097c36819040633ea77e44a561eca135e4fc84c002e63a1ba07
#8 resolve docker.io/library/composer:2@sha256:743aebe48ca67097c36819040633ea77e44a561eca135e4fc84c002e63a1ba07 0.1s done
#8 DONE 0.1s

#9 [base 1/3] FROM docker.io/library/php:8.3-cli-alpine@sha256:8281275c2b7fb10c149a049e832fae6e936890f839561dbe2ca0d69fc322853f
#9 resolve docker.io/library/php:8.3-cli-alpine@sha256:8281275c2b7fb10c149a049e832fae6e936890f839561dbe2ca0d69fc322853f
#9 resolve docker.io/library/php:8.3-cli-alpine@sha256:8281275c2b7fb10c149a049e832fae6e936890f839561dbe2ca0d69fc322853f 0.1s done
#9 DONE 0.1s

#7 [internal] load build context
#7 transferring context: 34.50kB 0.0s done
#7 DONE 0.0s

#10 [base 2/3] RUN apk add --no-cache     bash     git     unzip     && rm -rf /var/cache/apk/*
#10 CACHED

#11 [base 3/3] COPY --from=composer:2 /usr/bin/composer /usr/bin/composer
#11 CACHED

#12 [deps 1/3] WORKDIR /upgrader
#12 CACHED

#13 [deps 2/3] COPY docker/hop-12-to-13/composer.hop-12-to-13.json ./composer.json
#13 DONE 0.1s

#14 [deps 3/3] RUN composer install     --no-dev     --no-scripts     --no-interaction     --optimize-autoloader     --prefer-dist
#14 0.250 No composer.lock file present. Updating dependencies to latest instead of installing from lock file. See https://getcomposer.org/install for more information.
#14 0.251 Loading composer repositories with package information
#14 0.543 Updating dependencies
#14 0.546 Lock file operations: 5 installs, 0 updates, 0 removals
#14 0.546   - Locking driftingly/rector-laravel (2.2.0)
#14 0.546   - Locking phpstan/phpstan (2.1.43)
#14 0.546   - Locking rector/rector (2.3.9)
#14 0.546   - Locking symfony/process (v7.4.5)
#14 0.546   - Locking webmozart/assert (1.12.1)
#14 0.547 Writing lock file
#14 0.547 Installing dependencies from lock file
#14 0.547 Package operations: 5 installs, 0 updates, 0 removals
#14 0.550   - Downloading webmozart/assert (1.12.1)
#14 0.550   - Downloading phpstan/phpstan (2.1.43)
#14 0.551   - Downloading rector/rector (2.3.9)
#14 0.552   - Downloading driftingly/rector-laravel (2.2.0)
#14 0.552   - Downloading symfony/process (v7.4.5)
#14 0.556  0/5 [>---------------------------]   0%
#14 0.882  1/5 [=====>----------------------]  20%
#14 0.982  2/5 [===========>----------------]  40%
#14 1.082  3/5 [================>-----------]  60%
#14 1.182  4/5 [======================>-----]  80%
#14 1.384  5/5 [============================] 100%
#14 1.384   - Installing webmozart/assert (1.12.1): Extracting archive
#14 1.385   - Installing phpstan/phpstan (2.1.43): Extracting archive
#14 1.386   - Installing rector/rector (2.3.9): Extracting archive
#14 1.386   - Installing driftingly/rector-laravel (2.2.0): Extracting archive
#14 1.387   - Installing symfony/process (v7.4.5): Extracting archive
#14 1.388  0/5 [>---------------------------]   0%
#14 1.488  4/5 [======================>-----]  80%
#14 1.666  5/5 [============================] 100%
#14 1.953 1 package suggestions were added by new dependencies, use `composer suggest` to see details.
#14 1.953 Generating optimized autoload files
#14 1.992 3 packages you are using are looking for funding.
#14 1.992 Use the `composer fund` command to find out more!
#14 DONE 2.2s

#15 [laravel-cache 1/3] WORKDIR /tmp/warmup
#15 DONE 0.1s

#16 [laravel-cache 2/3] COPY docker/hop-12-to-13/composer.l13-warmup.json ./composer.json
#16 DONE 0.1s

#17 [runtime  1/14] RUN adduser -D -u 1000 upgrader
#17 CACHED

#18 [runtime  2/14] WORKDIR /upgrader
#18 CACHED

#19 [runtime  3/14] COPY --from=deps /upgrader/vendor /upgrader/vendor
#19 DONE 0.6s

#20 [laravel-cache 3/3] RUN COMPOSER_CACHE_DIR=/laravel-composer-cache     composer install         --no-scripts         --no-interaction         --no-progress         --prefer-dist         --quiet
#20 ...

#21 [runtime  4/14] COPY src-container/ /upgrader/src/
#21 DONE 0.1s

#22 [runtime  5/14] COPY rector-configs/rector.l12-to-l13.php /upgrader/rector.php
#22 DONE 0.1s

#20 [laravel-cache 3/3] RUN COMPOSER_CACHE_DIR=/laravel-composer-cache     composer install         --no-scripts         --no-interaction         --no-progress         --prefer-dist         --quiet
#20 ...

#23 [runtime  6/14] COPY rector-configs/workspace-skip-paths.php /upgrader/workspace-skip-paths.php
#23 DONE 0.1s

#24 [runtime  7/14] COPY docker/hop-12-to-13/docs/ /upgrader/docs/
#24 DONE 0.1s

#20 [laravel-cache 3/3] RUN COMPOSER_CACHE_DIR=/laravel-composer-cache     composer install         --no-scripts         --no-interaction         --no-progress         --prefer-dist         --quiet
#20 ...

#25 [runtime  8/14] COPY assets/diff2html.min.css /upgrader/assets/diff2html.min.css
#25 DONE 0.1s

#26 [runtime  9/14] COPY assets/diff2html.min.js  /upgrader/assets/diff2html.min.js
#26 DONE 0.1s

#20 [laravel-cache 3/3] RUN COMPOSER_CACHE_DIR=/laravel-composer-cache     composer install         --no-scripts         --no-interaction         --no-progress         --prefer-dist         --quiet
#20 ...

#27 [runtime 10/14] COPY vendor-patches/rector-laravel-fork/ /upgrader/vendor-patches/rector-laravel-fork/
#27 DONE 0.1s

#28 [runtime 11/14] COPY docker/hop-12-to-13/entrypoint.sh /upgrader/entrypoint.sh
#28 DONE 0.1s

#20 [laravel-cache 3/3] RUN COMPOSER_CACHE_DIR=/laravel-composer-cache     composer install         --no-scripts         --no-interaction         --no-progress         --prefer-dist         --quiet
#20 ...

#29 [runtime 12/14] RUN chmod +x /upgrader/entrypoint.sh
#29 DONE 0.2s

#20 [laravel-cache 3/3] RUN COMPOSER_CACHE_DIR=/laravel-composer-cache     composer install         --no-scripts         --no-interaction         --no-progress         --prefer-dist         --quiet
#20 3.213 Your requirements could not be resolved to an installable set of packages.
#20 ERROR: process "/bin/sh -c COMPOSER_CACHE_DIR=/laravel-composer-cache     composer install         --no-scripts         --no-interaction         --no-progress         --prefer-dist         --quiet" did not complete successfully: exit code: 2
------
 > [laravel-cache 3/3] RUN COMPOSER_CACHE_DIR=/laravel-composer-cache     composer install         --no-scripts         --no-interaction         --no-progress         --prefer-dist         --quiet:
3.213 Your requirements could not be resolved to an installable set of packages.
------
Dockerfile:42
--------------------
  41 |     COPY docker/hop-12-to-13/composer.l13-warmup.json ./composer.json
  42 | >>> RUN COMPOSER_CACHE_DIR=/laravel-composer-cache \
  43 | >>>     composer install \
  44 | >>>         --no-scripts \
  45 | >>>         --no-interaction \
  46 | >>>         --no-progress \
  47 | >>>         --prefer-dist \
  48 | >>>         --quiet
  49 |     
--------------------
ERROR: failed to build: failed to solve: process "/bin/sh -c COMPOSER_CACHE_DIR=/laravel-composer-cache     composer install         --no-scripts         --no-interaction         --no-progress         --prefer-dist         --quiet" did not complete successfully: exit code: 2

View build details: docker-desktop://dashboard/build/upgrader-builder/upgrader-builder0/uvna7zr507hx69r08vlo32dvb
